[2016-04-26 23:02:44] main.INFO: xxxxx [] []
[2016-04-26 23:24:00] main.INFO: ROOOOAR [] []
[2016-04-26 23:24:55] main.INFO: ROOOOAR [] []
[2016-04-26 23:25:14] main.INFO: ROOOOAR222 [] []
[2016-04-26 23:41:55] main.DEBUG: debugxxxx [] []
[2016-04-26 23:41:55] main.INFO: ROOOOAR222 [] []
[2016-04-27 00:43:06] main.DEBUG: debug111111111 [] []
[2016-04-27 00:43:06] main.INFO: 33333333333333333 [] []
[2016-04-27 08:37:36] main.DEBUG: debug111111111 [] []
[2016-04-27 08:37:36] main.INFO: 4444 [] []
[2016-04-27 08:37:55] main.DEBUG: debug111111111 [] []
[2016-04-27 08:37:55] main.INFO: 4444 [] []
[2016-04-27 08:38:04] main.DEBUG: debug111111111 [] []
[2016-04-27 08:38:04] main.INFO: 4444 [] []
[2016-04-27 08:39:32] main.DEBUG: debug111111111 [] []
[2016-04-27 08:39:32] main.INFO: 4444 [] []
[2016-04-27 08:42:35] main.DEBUG: debug111111111 [] []
[2016-04-27 08:42:35] main.INFO: 4444 [] []
[2016-04-27 08:43:11] main.DEBUG: debug111111111 [] []
[2016-04-27 08:43:11] main.INFO: 55555555 [] []
[2016-04-27 08:43:29] main.DEBUG: debug111111111 [] []
[2016-04-27 08:43:29] main.INFO: 55555555 [] []
[2016-04-27 08:45:45] main.DEBUG: debug_info——yoho [] []
[2016-04-27 08:45:45] main.INFO: 55555555 [] []
[2016-04-27 08:46:51] main.DEBUG: debug_info——yoho;root_dir:/home/jims/wwwroot/sf_project/dino_container [] []
[2016-04-27 08:46:51] main.INFO: 55555555 [] []
[2016-04-27 08:59:22] main.DEBUG: debug_info——yoho;root_dir:/home/jims/wwwroot/sf_project/dino_container [] []
[2016-04-27 08:59:22] main.DEBUG: Elapsed Time: 16ms [] []
[2016-04-27 08:59:40] main.DEBUG: debug_info——yoho;root_dir:/home/jims/wwwroot/sf_project/dino_container [] []
[2016-04-27 08:59:40] main.DEBUG: Elapsed Time: 19ms [] []
[2016-04-27 09:02:48] main.DEBUG: debug_info——yoho;root_dir:/home/jims/wwwroot/sf_project/dino_container [] []
[2016-04-27 09:02:48] main.DEBUG: Elapsed Time: 14ms [] []
[2016-04-27 09:05:34] main.DEBUG: debug_info——yoho;root_dir:/home/jims/wwwroot/sf_project/dino_container [] []
[2016-04-27 09:05:34] main.DEBUG: Elapsed Time: 17ms [] []
[2016-04-27 09:11:53] main.DEBUG: debug_info——yoho;root_dir:/home/jims/wwwroot/sf_project/dino_container [] []
[2016-04-27 09:11:53] main.DEBUG: Elapsed Time: 1ms [] []
[2016-04-27 09:11:57] main.DEBUG: debug_info——yoho;root_dir:/home/jims/wwwroot/sf_project/dino_container [] []
[2016-04-27 09:11:57] main.DEBUG: Elapsed Time: 2ms [] []
[2016-04-27 09:11:58] main.DEBUG: debug_info——yoho;root_dir:/home/jims/wwwroot/sf_project/dino_container [] []
[2016-04-27 09:11:58] main.DEBUG: Elapsed Time: 1ms [] []
[2016-04-27 09:12:05] main.DEBUG: debug_info——yoho;root_dir:/home/jims/wwwroot/sf_project/dino_container [] []
[2016-04-27 09:12:05] main.DEBUG: Elapsed Time: 1ms [] []
